<?xml version="1.0" encoding="UTF-8"?>
<testng-results skipped="0" failed="0" ignored="0" total="1" passed="1">
  <reporter-output>
    <line>
      <![CDATA[Default testmethod started]]>
    </line>
    <line>
      <![CDATA[createNewUserTestmethod started]]>
    </line>
    <line>
      <![CDATA[createNewUserTestmethod success]]>
    </line>
  </reporter-output>
  <suite name="Default suite" duration-ms="67419" started-at="2021-02-07T19:05:11Z" finished-at="2021-02-07T19:06:18Z">
    <groups>
    </groups>
    <test name="Default test" duration-ms="67419" started-at="2021-02-07T19:05:11Z" finished-at="2021-02-07T19:06:18Z">
      <class name="com.actitime.users.CreateNewUser">
        <test-method status="PASS" signature="createNewUserTest()[pri:0, instance:com.actitime.users.CreateNewUser@77caeb3e]" name="createNewUserTest" duration-ms="67327" started-at="2021-02-07T19:05:11Z" finished-at="2021-02-07T19:06:18Z">
          <reporter-output>
            <line>
              <![CDATA[createNewUserTestmethod started]]>
            </line>
            <line>
              <![CDATA[createNewUserTestmethod success]]>
            </line>
          </reporter-output>
        </test-method> <!-- createNewUserTest -->
      </class> <!-- com.actitime.users.CreateNewUser -->
    </test> <!-- Default test -->
  </suite> <!-- Default suite -->
</testng-results>
